<?xml-stylesheet href="resources/test-xml-stylesheet.css" type="text/css"?>
<html xmlns="http://www.w3.org/1999/xhtml">
  <script>
    if (window.layoutTestController)
        layoutTestController.dumpDOMAsWebArchive();
  </script>
  <style>
    div { background: red; width: 100px; height: 100px; }
  </style>
  <div id="test">
  </div>
</html>
